10:29:47.702 [main] DEBUG - Save part 'docProps/core.xml'
10:29:47.715 [main] DEBUG - Save part 'xl/sharedStrings.xml'
10:29:47.715 [main] DEBUG - Save part 'xl/styles.xml'
10:29:47.716 [main] DEBUG - Save part 'xl/theme/theme1.xml'
10:29:47.717 [main] DEBUG - Save part 'xl/workbook.xml'
10:29:47.720 [main] DEBUG - Save part 'xl/worksheets/sheet1.xml'
10:29:47.720 [main] DEBUG - Save part 'xl/worksheets/sheet2.xml'
10:29:47.720 [main] DEBUG - Save part 'xl/worksheets/sheet3.xml'
10:29:47.721 [main] DEBUG - Save part 'xl/worksheets/sheet4.xml'
10:29:47.790 [main] DEBUG - Parsing relationship: /xl/_rels/workbook.xml.rels
10:29:47.793 [main] DEBUG - Parsing relationship: /_rels/.rels
10:29:47.848 [main] DEBUG - Save content types part
10:29:47.851 [main] DEBUG - Save package relationships
10:29:47.853 [main] DEBUG - Save part 'docProps/app.xml'
10:29:47.853 [main] DEBUG - Save part 'docProps/core.xml'
10:29:47.857 [main] DEBUG - Save part 'xl/sharedStrings.xml'
10:29:47.858 [main] DEBUG - Save part 'xl/styles.xml'
10:29:47.858 [main] DEBUG - Save part 'xl/theme/theme1.xml'
10:29:47.859 [main] DEBUG - Save part 'xl/workbook.xml'
10:29:47.862 [main] DEBUG - Save part 'xl/worksheets/sheet1.xml'
10:29:47.862 [main] DEBUG - Save part 'xl/worksheets/sheet2.xml'
10:29:47.863 [main] DEBUG - Save part 'xl/worksheets/sheet3.xml'
10:29:47.863 [main] DEBUG - Save part 'xl/worksheets/sheet4.xml'
10:29:47.932 [main] DEBUG - Parsing relationship: /xl/_rels/workbook.xml.rels
10:29:47.937 [main] DEBUG - Parsing relationship: /_rels/.rels
10:29:48.006 [main] DEBUG - Save content types part
10:29:48.010 [main] DEBUG - Save package relationships
10:29:48.012 [main] DEBUG - Save part 'docProps/app.xml'
10:29:48.013 [main] DEBUG - Save part 'docProps/core.xml'
10:29:48.016 [main] DEBUG - Save part 'xl/sharedStrings.xml'
10:29:48.017 [main] DEBUG - Save part 'xl/styles.xml'
10:29:48.017 [main] DEBUG - Save part 'xl/theme/theme1.xml'
10:29:48.018 [main] DEBUG - Save part 'xl/workbook.xml'
10:29:48.023 [main] DEBUG - Save part 'xl/worksheets/sheet1.xml'
10:29:48.024 [main] DEBUG - Save part 'xl/worksheets/sheet2.xml'
10:29:48.025 [main] DEBUG - Save part 'xl/worksheets/sheet3.xml'
10:29:48.026 [main] DEBUG - Save part 'xl/worksheets/sheet4.xml'
10:29:48.140 [main] DEBUG - Parsing relationship: /xl/_rels/workbook.xml.rels
10:29:48.142 [main] DEBUG - Parsing relationship: /_rels/.rels
10:29:48.201 [main] DEBUG - Save content types part
10:29:48.203 [main] DEBUG - Save package relationships
10:29:48.205 [main] DEBUG - Save part 'docProps/app.xml'
10:29:48.206 [main] DEBUG - Save part 'docProps/core.xml'
10:29:48.208 [main] DEBUG - Save part 'xl/sharedStrings.xml'
10:29:48.210 [main] DEBUG - Save part 'xl/styles.xml'
10:29:48.211 [main] DEBUG - Save part 'xl/theme/theme1.xml'
10:29:48.211 [main] DEBUG - Save part 'xl/workbook.xml'
10:29:48.214 [main] DEBUG - Save part 'xl/worksheets/sheet1.xml'
10:29:48.215 [main] DEBUG - Save part 'xl/worksheets/sheet2.xml'
10:29:48.216 [main] DEBUG - Save part 'xl/worksheets/sheet3.xml'
10:29:48.216 [main] DEBUG - Save part 'xl/worksheets/sheet4.xml'
10:29:48.297 [main] DEBUG - Parsing relationship: /xl/_rels/workbook.xml.rels
10:29:48.299 [main] DEBUG - Parsing relationship: /_rels/.rels
10:29:48.356 [main] DEBUG - Save content types part
10:29:48.360 [main] DEBUG - Save package relationships
10:29:48.362 [main] DEBUG - Save part 'docProps/app.xml'
10:29:48.363 [main] DEBUG - Save part 'docProps/core.xml'
10:29:48.366 [main] DEBUG - Save part 'xl/sharedStrings.xml'
10:29:48.367 [main] DEBUG - Save part 'xl/styles.xml'
10:29:48.368 [main] DEBUG - Save part 'xl/theme/theme1.xml'
10:29:48.368 [main] DEBUG - Save part 'xl/workbook.xml'
10:29:48.373 [main] DEBUG - Save part 'xl/worksheets/sheet1.xml'
10:29:48.374 [main] DEBUG - Save part 'xl/worksheets/sheet2.xml'
10:29:48.374 [main] DEBUG - Save part 'xl/worksheets/sheet3.xml'
10:29:48.375 [main] DEBUG - Save part 'xl/worksheets/sheet4.xml'
10:29:48.437 [main] DEBUG - Parsing relationship: /xl/_rels/workbook.xml.rels
10:29:48.439 [main] DEBUG - Parsing relationship: /_rels/.rels
10:29:48.481 [main] DEBUG - Save content types part
10:29:48.484 [main] DEBUG - Save package relationships
10:29:48.487 [main] DEBUG - Save part 'docProps/app.xml'
10:29:48.487 [main] DEBUG - Save part 'docProps/core.xml'
10:29:48.489 [main] DEBUG - Save part 'xl/sharedStrings.xml'
10:29:48.490 [main] DEBUG - Save part 'xl/styles.xml'
10:29:48.490 [main] DEBUG - Save part 'xl/theme/theme1.xml'
10:29:48.499 [main] DEBUG - Save part 'xl/workbook.xml'
10:29:48.504 [main] DEBUG - Save part 'xl/worksheets/sheet1.xml'
10:29:48.505 [main] DEBUG - Save part 'xl/worksheets/sheet2.xml'
10:29:48.506 [main] DEBUG - Save part 'xl/worksheets/sheet3.xml'
10:29:48.506 [main] DEBUG - Save part 'xl/worksheets/sheet4.xml'
10:29:48.598 [main] DEBUG - Parsing relationship: /xl/_rels/workbook.xml.rels
10:29:48.600 [main] DEBUG - Parsing relationship: /_rels/.rels
10:29:48.668 [main] DEBUG - Save content types part
10:29:48.671 [main] DEBUG - Save package relationships
10:29:48.674 [main] DEBUG - Save part 'docProps/app.xml'
10:29:48.675 [main] DEBUG - Save part 'docProps/core.xml'
10:29:48.679 [main] DEBUG - Save part 'xl/sharedStrings.xml'
10:29:48.680 [main] DEBUG - Save part 'xl/styles.xml'
10:29:48.680 [main] DEBUG - Save part 'xl/theme/theme1.xml'
10:29:48.681 [main] DEBUG - Save part 'xl/workbook.xml'
10:29:48.684 [main] DEBUG - Save part 'xl/worksheets/sheet1.xml'
10:29:48.684 [main] DEBUG - Save part 'xl/worksheets/sheet2.xml'
10:29:48.685 [main] DEBUG - Save part 'xl/worksheets/sheet3.xml'
10:29:48.685 [main] DEBUG - Save part 'xl/worksheets/sheet4.xml'
10:29:48.771 [main] DEBUG - Parsing relationship: /xl/_rels/workbook.xml.rels
10:29:48.772 [main] DEBUG - Parsing relationship: /_rels/.rels
10:29:48.823 [main] DEBUG - Save content types part
10:29:48.825 [main] DEBUG - Save package relationships
10:29:48.828 [main] DEBUG - Save part 'docProps/app.xml'
10:29:48.828 [main] DEBUG - Save part 'docProps/core.xml'
10:29:48.830 [main] DEBUG - Save part 'xl/sharedStrings.xml'
10:29:48.831 [main] DEBUG - Save part 'xl/styles.xml'
10:29:48.831 [main] DEBUG - Save part 'xl/theme/theme1.xml'
10:29:48.832 [main] DEBUG - Save part 'xl/workbook.xml'
10:29:48.837 [main] DEBUG - Save part 'xl/worksheets/sheet1.xml'
10:29:48.838 [main] DEBUG - Save part 'xl/worksheets/sheet2.xml'
10:29:48.838 [main] DEBUG - Save part 'xl/worksheets/sheet3.xml'
10:29:48.839 [main] DEBUG - Save part 'xl/worksheets/sheet4.xml'
10:29:48.918 [main] DEBUG - Parsing relationship: /xl/_rels/workbook.xml.rels
10:29:48.920 [main] DEBUG - Parsing relationship: /_rels/.rels
10:29:48.970 [main] DEBUG - Save content types part
10:29:48.973 [main] DEBUG - Save package relationships
10:29:48.976 [main] DEBUG - Save part 'docProps/app.xml'
10:29:48.977 [main] DEBUG - Save part 'docProps/core.xml'
10:29:48.983 [main] DEBUG - Save part 'xl/sharedStrings.xml'
10:29:48.986 [main] DEBUG - Save part 'xl/styles.xml'
10:29:48.986 [main] DEBUG - Save part 'xl/theme/theme1.xml'
10:29:48.987 [main] DEBUG - Save part 'xl/workbook.xml'
10:29:48.990 [main] DEBUG - Save part 'xl/worksheets/sheet1.xml'
10:29:48.990 [main] DEBUG - Save part 'xl/worksheets/sheet2.xml'
10:29:48.991 [main] DEBUG - Save part 'xl/worksheets/sheet3.xml'
10:29:48.991 [main] DEBUG - Save part 'xl/worksheets/sheet4.xml'
10:29:48.995 [main] INFO  - **** Finished TC_002_UsedCar ****
