17:21:22.627 [main] DEBUG - Save package relationships
17:21:22.646 [main] DEBUG - Save part 'docProps/app.xml'
17:21:22.646 [main] DEBUG - Save part 'docProps/core.xml'
17:21:22.649 [main] DEBUG - Save part 'xl/sharedStrings.xml'
17:21:22.650 [main] DEBUG - Save part 'xl/styles.xml'
17:21:22.651 [main] DEBUG - Save part 'xl/theme/theme1.xml'
17:21:22.652 [main] DEBUG - Save part 'xl/workbook.xml'
17:21:22.655 [main] DEBUG - Save part 'xl/worksheets/sheet1.xml'
17:21:22.656 [main] DEBUG - Save part 'xl/worksheets/sheet2.xml'
17:21:22.656 [main] DEBUG - Save part 'xl/worksheets/sheet3.xml'
17:21:22.667 [main] DEBUG - Save part 'xl/worksheets/sheet4.xml'
17:21:22.721 [main] DEBUG - Parsing relationship: /xl/_rels/workbook.xml.rels
17:21:22.723 [main] DEBUG - Parsing relationship: /_rels/.rels
17:21:22.769 [main] DEBUG - Save content types part
17:21:22.772 [main] DEBUG - Save package relationships
17:21:22.775 [main] DEBUG - Save part 'docProps/app.xml'
17:21:22.776 [main] DEBUG - Save part 'docProps/core.xml'
17:21:22.779 [main] DEBUG - Save part 'xl/sharedStrings.xml'
17:21:22.779 [main] DEBUG - Save part 'xl/styles.xml'
17:21:22.780 [main] DEBUG - Save part 'xl/theme/theme1.xml'
17:21:22.781 [main] DEBUG - Save part 'xl/workbook.xml'
17:21:22.784 [main] DEBUG - Save part 'xl/worksheets/sheet1.xml'
17:21:22.785 [main] DEBUG - Save part 'xl/worksheets/sheet2.xml'
17:21:22.786 [main] DEBUG - Save part 'xl/worksheets/sheet3.xml'
17:21:22.786 [main] DEBUG - Save part 'xl/worksheets/sheet4.xml'
17:21:22.879 [main] DEBUG - Parsing relationship: /xl/_rels/workbook.xml.rels
17:21:22.881 [main] DEBUG - Parsing relationship: /_rels/.rels
17:21:22.935 [main] DEBUG - Save content types part
17:21:22.938 [main] DEBUG - Save package relationships
17:21:22.940 [main] DEBUG - Save part 'docProps/app.xml'
17:21:22.941 [main] DEBUG - Save part 'docProps/core.xml'
17:21:22.944 [main] DEBUG - Save part 'xl/sharedStrings.xml'
17:21:22.944 [main] DEBUG - Save part 'xl/styles.xml'
17:21:22.945 [main] DEBUG - Save part 'xl/theme/theme1.xml'
17:21:22.946 [main] DEBUG - Save part 'xl/workbook.xml'
17:21:22.949 [main] DEBUG - Save part 'xl/worksheets/sheet1.xml'
17:21:22.949 [main] DEBUG - Save part 'xl/worksheets/sheet2.xml'
17:21:22.950 [main] DEBUG - Save part 'xl/worksheets/sheet3.xml'
17:21:22.950 [main] DEBUG - Save part 'xl/worksheets/sheet4.xml'
17:21:22.952 [main] INFO  - **** Finished TC_002_UsedCar ****
18:00:34.627 [main] INFO  - **** Starting TC_002_UsedCar ****
18:00:34.628 [main] INFO  - Navigating to the homepage
18:00:34.957 [main] INFO  - checking zigwheels visibility
18:00:35.238 [main] INFO  - checking used cars option visibility
18:00:35.601 [main] INFO  - Hovering over and selecting used cars
18:00:36.067 [main] INFO  - checking Chennai option visibility
18:00:36.322 [main] INFO  - Selecting Chennai used cars
18:00:49.743 [main] INFO  - Checking that the popular models are displayed
18:00:49.855 [main] DEBUG - Parsing relationship: /xl/_rels/workbook.xml.rels
18:00:49.858 [main] DEBUG - Parsing relationship: /_rels/.rels
18:00:49.996 [main] TRACE - Loading type system org.apache.poi.schemas.ooxml.system.ooxml
18:00:49.997 [main] TRACE - Loading type system org.apache.xmlbeans.metadata.system.sXMLCONFIG
18:00:49.998 [main] TRACE - Loading type system org.apache.xmlbeans.metadata.system.sXMLLANG
18:00:49.998 [main] TRACE - Loading type system org.apache.xmlbeans.metadata.system.sXMLSCHEMA
18:00:49.998 [main] TRACE - Loading type system org.apache.xmlbeans.metadata.system.sXMLTOOLS
18:00:49.999 [main] TRACE - Reading unresolved handles for type system org.apache.xmlbeans.metadata.system.sXMLTOOLS
18:00:50.007 [main] TRACE - Finished loading type system org.apache.xmlbeans.metadata.system.sXMLTOOLS
18:00:50.007 [main] TRACE - Reading unresolved handles for type system org.apache.xmlbeans.metadata.system.sXMLSCHEMA
18:00:50.012 [main] TRACE - Finished loading type system org.apache.xmlbeans.metadata.system.sXMLSCHEMA
18:00:50.013 [main] TRACE - Reading unresolved handles for type system org.apache.xmlbeans.metadata.system.sXMLLANG
18:00:50.014 [main] TRACE - Finished loading type system org.apache.xmlbeans.metadata.system.sXMLLANG
18:00:50.016 [main] TRACE - Reading unresolved handles for type system org.apache.xmlbeans.metadata.system.sXMLCONFIG
18:00:50.017 [main] TRACE - Finished loading type system org.apache.xmlbeans.metadata.system.sXMLCONFIG
18:00:50.018 [main] TRACE - Reading unresolved handles for type system org.apache.poi.schemas.ooxml.system.ooxml
18:00:50.055 [main] TRACE - Finished loading type system org.apache.poi.schemas.ooxml.system.ooxml
18:00:50.057 [main] TRACE - Resolving type for handle themefd26doctype
18:00:50.102 [main] TRACE - Resolving type for handle stylesheet5d8bdoctype
18:00:50.106 [main] TRACE - Resolving type for handle ctstylesheet4257type
18:00:50.111 [main] TRACE - Resolving type for handle ctnumfmtsb58btype
18:00:50.113 [main] TRACE - Resolving type for handle ctfonts6623type
18:00:50.117 [main] TRACE - Resolving type for handle ctfont14d8type
18:00:50.123 [main] TRACE - Resolving type for handle ctfills2c6ftype
18:00:50.127 [main] TRACE - Resolving type for handle ctfill550ctype
18:00:50.129 [main] TRACE - Resolving type for handle ctborders0d66type
18:00:50.133 [main] TRACE - Resolving type for handle ctborderf935type
18:00:50.138 [main] TRACE - Resolving type for handle ctcellxfs1322type
18:00:50.148 [main] TRACE - Resolving type for handle ctxf97f7type
18:00:50.151 [main] TRACE - Resolving type for handle ctcellstylexfsa81ftype
18:00:50.153 [main] TRACE - Resolving type for handle ctdxfsb26atype
18:00:50.155 [main] TRACE - Resolving type for handle cttablestyles872ftype
18:00:50.159 [main] TRACE - Resolving type for handle sstf81fdoctype
18:00:50.162 [main] TRACE - Resolving type for handle ctsst44f3type
18:00:50.173 [main] TRACE - Resolving type for handle ctrsta472type
18:00:50.199 [main] TRACE - Resolving type for handle workbookec17doctype
18:00:50.202 [main] TRACE - Resolving type for handle ctworkbook83c3type
18:00:50.206 [main] TRACE - Resolving type for handle ctsheets49fdtype
18:00:50.209 [main] TRACE - Resolving type for handle ctsheet4dbetype
18:00:50.211 [main] TRACE - Resolving type for handle strelationshipid1e94type
18:00:50.213 [main] TRACE - Resolving type for handle worksheetf539doctype
18:00:50.218 [main] TRACE - Resolving type for handle ctworksheet530dtype
18:00:50.224 [main] TRACE - Resolving type for handle ctsheetdata8408type
18:00:50.230 [main] TRACE - Resolving type for handle ctcols627ctype
18:00:50.240 [main] TRACE - Resolving type for handle ctrowdd39type
18:00:50.246 [main] TRACE - Resolving type for handle ctcell842btype
18:00:50.252 [main] TRACE - Resolving type for handle stcellrefe4e0type
18:00:50.265 [main] TRACE - Resolving type for handle stxstringf179type
18:00:50.269 [main] TRACE - Resolving type for handle stcelltypebf95type
18:00:50.291 [main] TRACE - Resolving type for handle stcellstylexfid70c7type
18:00:50.296 [main] TRACE - Resolving type for handle ctsheetdimensiond310type
18:00:50.298 [main] TRACE - Resolving type for handle stref90a2type
18:00:50.302 [main] TRACE - Resolving type for handle propertiesee84doctype
18:00:50.305 [main] TRACE - Resolving type for handle ctproperties3f10type
18:00:50.310 [main] TRACE - Resolving type for handle properties288cdoctype
18:00:50.312 [main] TRACE - Resolving type for handle ctproperties2c18type
18:00:50.325 [main] DEBUG - Save content types part
18:00:50.387 [main] DEBUG - Save package relationships
18:00:50.392 [main] DEBUG - Save part 'docProps/app.xml'
18:00:50.392 [main] DEBUG - Save part 'docProps/core.xml'
18:00:50.394 [main] DEBUG - Save part 'xl/sharedStrings.xml'
18:00:50.395 [main] DEBUG - Save part 'xl/styles.xml'
18:00:50.395 [main] DEBUG - Save part 'xl/theme/theme1.xml'
18:00:50.395 [main] DEBUG - Save part 'xl/workbook.xml'
18:00:50.395 [main] DEBUG - Save part 'xl/worksheets/sheet1.xml'
18:00:50.397 [main] DEBUG - Save part 'xl/worksheets/sheet2.xml'
18:00:50.397 [main] DEBUG - Save part 'xl/worksheets/sheet3.xml'
18:00:50.397 [main] DEBUG - Save part 'xl/worksheets/sheet4.xml'
18:00:52.477 [main] DEBUG - Parsing relationship: /xl/_rels/workbook.xml.rels
18:00:52.477 [main] DEBUG - Parsing relationship: /_rels/.rels
18:00:52.500 [main] DEBUG - Save content types part
18:00:52.501 [main] DEBUG - Save package relationships
18:00:52.501 [main] DEBUG - Save part 'docProps/app.xml'
18:00:52.501 [main] DEBUG - Save part 'docProps/core.xml'
18:00:52.503 [main] DEBUG - Save part 'xl/sharedStrings.xml'
18:00:52.503 [main] DEBUG - Save part 'xl/styles.xml'
18:00:52.503 [main] DEBUG - Save part 'xl/theme/theme1.xml'
18:00:52.503 [main] DEBUG - Save part 'xl/workbook.xml'
18:00:52.504 [main] DEBUG - Save part 'xl/worksheets/sheet1.xml'
18:00:52.505 [main] DEBUG - Save part 'xl/worksheets/sheet2.xml'
18:00:52.505 [main] DEBUG - Save part 'xl/worksheets/sheet3.xml'
18:00:52.505 [main] DEBUG - Save part 'xl/worksheets/sheet4.xml'
18:00:52.524 [main] DEBUG - Parsing relationship: /xl/_rels/workbook.xml.rels
18:00:52.525 [main] DEBUG - Parsing relationship: /_rels/.rels
18:00:52.544 [main] DEBUG - Save content types part
18:00:52.545 [main] DEBUG - Save package relationships
18:00:52.546 [main] DEBUG - Save part 'docProps/app.xml'
18:00:52.546 [main] DEBUG - Save part 'docProps/core.xml'
18:00:52.547 [main] DEBUG - Save part 'xl/sharedStrings.xml'
18:00:52.547 [main] DEBUG - Save part 'xl/styles.xml'
18:00:52.547 [main] DEBUG - Save part 'xl/theme/theme1.xml'
18:00:52.547 [main] DEBUG - Save part 'xl/workbook.xml'
18:00:52.548 [main] DEBUG - Save part 'xl/worksheets/sheet1.xml'
18:00:52.548 [main] DEBUG - Save part 'xl/worksheets/sheet2.xml'
18:00:52.549 [main] DEBUG - Save part 'xl/worksheets/sheet3.xml'
18:00:52.549 [main] DEBUG - Save part 'xl/worksheets/sheet4.xml'
18:00:52.571 [main] DEBUG - Parsing relationship: /xl/_rels/workbook.xml.rels
18:00:52.572 [main] DEBUG - Parsing relationship: /_rels/.rels
18:00:52.595 [main] DEBUG - Save content types part
18:00:52.596 [main] DEBUG - Save package relationships
18:00:52.597 [main] DEBUG - Save part 'docProps/app.xml'
18:00:52.598 [main] DEBUG - Save part 'docProps/core.xml'
18:00:52.599 [main] DEBUG - Save part 'xl/sharedStrings.xml'
18:00:52.599 [main] DEBUG - Save part 'xl/styles.xml'
18:00:52.599 [main] DEBUG - Save part 'xl/theme/theme1.xml'
18:00:52.599 [main] DEBUG - Save part 'xl/workbook.xml'
18:00:52.600 [main] DEBUG - Save part 'xl/worksheets/sheet1.xml'
18:00:52.601 [main] DEBUG - Save part 'xl/worksheets/sheet2.xml'
18:00:52.601 [main] DEBUG - Save part 'xl/worksheets/sheet3.xml'
18:00:52.601 [main] DEBUG - Save part 'xl/worksheets/sheet4.xml'
18:00:52.623 [main] DEBUG - Parsing relationship: /xl/_rels/workbook.xml.rels
18:00:52.624 [main] DEBUG - Parsing relationship: /_rels/.rels
18:00:52.641 [main] DEBUG - Save content types part
18:00:52.643 [main] DEBUG - Save package relationships
18:00:52.643 [main] DEBUG - Save part 'docProps/app.xml'
18:00:52.644 [main] DEBUG - Save part 'docProps/core.xml'
18:00:52.645 [main] DEBUG - Save part 'xl/sharedStrings.xml'
18:00:52.645 [main] DEBUG - Save part 'xl/styles.xml'
18:00:52.645 [main] DEBUG - Save part 'xl/theme/theme1.xml'
18:00:52.645 [main] DEBUG - Save part 'xl/workbook.xml'
18:00:52.646 [main] DEBUG - Save part 'xl/worksheets/sheet1.xml'
18:00:52.646 [main] DEBUG - Save part 'xl/worksheets/sheet2.xml'
18:00:52.646 [main] DEBUG - Save part 'xl/worksheets/sheet3.xml'
18:00:52.647 [main] DEBUG - Save part 'xl/worksheets/sheet4.xml'
18:00:52.673 [main] DEBUG - Parsing relationship: /xl/_rels/workbook.xml.rels
18:00:52.673 [main] DEBUG - Parsing relationship: /_rels/.rels
18:00:52.706 [main] DEBUG - Save content types part
18:00:52.709 [main] DEBUG - Save package relationships
18:00:52.710 [main] DEBUG - Save part 'docProps/app.xml'
18:00:52.710 [main] DEBUG - Save part 'docProps/core.xml'
18:00:52.711 [main] DEBUG - Save part 'xl/sharedStrings.xml'
18:00:52.711 [main] DEBUG - Save part 'xl/styles.xml'
18:00:52.711 [main] DEBUG - Save part 'xl/theme/theme1.xml'
18:00:52.712 [main] DEBUG - Save part 'xl/workbook.xml'
18:00:52.713 [main] DEBUG - Save part 'xl/worksheets/sheet1.xml'
18:00:52.713 [main] DEBUG - Save part 'xl/worksheets/sheet2.xml'
18:00:52.713 [main] DEBUG - Save part 'xl/worksheets/sheet3.xml'
18:00:52.713 [main] DEBUG - Save part 'xl/worksheets/sheet4.xml'
18:00:52.736 [main] DEBUG - Parsing relationship: /xl/_rels/workbook.xml.rels
18:00:52.737 [main] DEBUG - Parsing relationship: /_rels/.rels
18:00:52.750 [main] DEBUG - Save content types part
18:00:52.751 [main] DEBUG - Save package relationships
18:00:52.752 [main] DEBUG - Save part 'docProps/app.xml'
18:00:52.752 [main] DEBUG - Save part 'docProps/core.xml'
18:00:52.753 [main] DEBUG - Save part 'xl/sharedStrings.xml'
18:00:52.753 [main] DEBUG - Save part 'xl/styles.xml'
18:00:52.753 [main] DEBUG - Save part 'xl/theme/theme1.xml'
18:00:52.754 [main] DEBUG - Save part 'xl/workbook.xml'
18:00:52.755 [main] DEBUG - Save part 'xl/worksheets/sheet1.xml'
18:00:52.755 [main] DEBUG - Save part 'xl/worksheets/sheet2.xml'
18:00:52.755 [main] DEBUG - Save part 'xl/worksheets/sheet3.xml'
18:00:52.755 [main] DEBUG - Save part 'xl/worksheets/sheet4.xml'
18:00:52.784 [main] DEBUG - Parsing relationship: /xl/_rels/workbook.xml.rels
18:00:52.784 [main] DEBUG - Parsing relationship: /_rels/.rels
18:00:52.808 [main] DEBUG - Save content types part
18:00:52.809 [main] DEBUG - Save package relationships
18:00:52.810 [main] DEBUG - Save part 'docProps/app.xml'
18:00:52.810 [main] DEBUG - Save part 'docProps/core.xml'
18:00:52.811 [main] DEBUG - Save part 'xl/sharedStrings.xml'
18:00:52.811 [main] DEBUG - Save part 'xl/styles.xml'
18:00:52.811 [main] DEBUG - Save part 'xl/theme/theme1.xml'
18:00:52.812 [main] DEBUG - Save part 'xl/workbook.xml'
18:00:52.813 [main] DEBUG - Save part 'xl/worksheets/sheet1.xml'
18:00:52.813 [main] DEBUG - Save part 'xl/worksheets/sheet2.xml'
18:00:52.813 [main] DEBUG - Save part 'xl/worksheets/sheet3.xml'
18:00:52.813 [main] DEBUG - Save part 'xl/worksheets/sheet4.xml'
18:00:52.838 [main] DEBUG - Parsing relationship: /xl/_rels/workbook.xml.rels
18:00:52.839 [main] DEBUG - Parsing relationship: /_rels/.rels
18:00:52.854 [main] DEBUG - Save content types part
18:00:52.855 [main] DEBUG - Save package relationships
18:00:52.855 [main] DEBUG - Save part 'docProps/app.xml'
18:00:52.856 [main] DEBUG - Save part 'docProps/core.xml'
18:00:52.856 [main] DEBUG - Save part 'xl/sharedStrings.xml'
18:00:52.856 [main] DEBUG - Save part 'xl/styles.xml'
18:00:52.856 [main] DEBUG - Save part 'xl/theme/theme1.xml'
18:00:52.857 [main] DEBUG - Save part 'xl/workbook.xml'
18:00:52.857 [main] DEBUG - Save part 'xl/worksheets/sheet1.xml'
18:00:52.859 [main] DEBUG - Save part 'xl/worksheets/sheet2.xml'
18:00:52.859 [main] DEBUG - Save part 'xl/worksheets/sheet3.xml'
18:00:52.859 [main] DEBUG - Save part 'xl/worksheets/sheet4.xml'
18:00:52.884 [main] DEBUG - Parsing relationship: /xl/_rels/workbook.xml.rels
18:00:52.884 [main] DEBUG - Parsing relationship: /_rels/.rels
18:00:52.899 [main] DEBUG - Save content types part
18:00:52.900 [main] DEBUG - Save package relationships
18:00:52.900 [main] DEBUG - Save part 'docProps/app.xml'
18:00:52.900 [main] DEBUG - Save part 'docProps/core.xml'
18:00:52.901 [main] DEBUG - Save part 'xl/sharedStrings.xml'
18:00:52.901 [main] DEBUG - Save part 'xl/styles.xml'
18:00:52.901 [main] DEBUG - Save part 'xl/theme/theme1.xml'
18:00:52.901 [main] DEBUG - Save part 'xl/workbook.xml'
18:00:52.902 [main] DEBUG - Save part 'xl/worksheets/sheet1.xml'
18:00:52.902 [main] DEBUG - Save part 'xl/worksheets/sheet2.xml'
18:00:52.902 [main] DEBUG - Save part 'xl/worksheets/sheet3.xml'
18:00:52.902 [main] DEBUG - Save part 'xl/worksheets/sheet4.xml'
18:00:52.903 [main] INFO  - **** Finished TC_002_UsedCar ****
18:03:59.865 [main] INFO  - **** Starting TC_002_UsedCar ****
18:03:59.869 [main] INFO  - Navigating to the homepage
18:04:04.371 [main] INFO  - checking zigwheels visibility
18:04:04.684 [main] INFO  - checking used cars option visibility
18:04:05.003 [main] INFO  - Hovering over and selecting used cars
18:04:05.490 [main] INFO  - checking Chennai option visibility
18:04:05.807 [main] INFO  - Selecting Chennai used cars
18:04:25.290 [main] INFO  - Checking that the popular models are displayed
18:04:25.492 [main] DEBUG - Parsing relationship: /xl/_rels/workbook.xml.rels
18:04:25.495 [main] DEBUG - Parsing relationship: /_rels/.rels
18:04:25.743 [main] TRACE - Loading type system org.apache.poi.schemas.ooxml.system.ooxml
18:04:25.746 [main] TRACE - Loading type system org.apache.xmlbeans.metadata.system.sXMLCONFIG
18:04:25.746 [main] TRACE - Loading type system org.apache.xmlbeans.metadata.system.sXMLLANG
18:04:25.747 [main] TRACE - Loading type system org.apache.xmlbeans.metadata.system.sXMLSCHEMA
18:04:25.747 [main] TRACE - Loading type system org.apache.xmlbeans.metadata.system.sXMLTOOLS
18:04:25.749 [main] TRACE - Reading unresolved handles for type system org.apache.xmlbeans.metadata.system.sXMLTOOLS
18:04:25.763 [main] TRACE - Finished loading type system org.apache.xmlbeans.metadata.system.sXMLTOOLS
18:04:25.764 [main] TRACE - Reading unresolved handles for type system org.apache.xmlbeans.metadata.system.sXMLSCHEMA
18:04:25.774 [main] TRACE - Finished loading type system org.apache.xmlbeans.metadata.system.sXMLSCHEMA
18:04:25.775 [main] TRACE - Reading unresolved handles for type system org.apache.xmlbeans.metadata.system.sXMLLANG
18:04:25.776 [main] TRACE - Finished loading type system org.apache.xmlbeans.metadata.system.sXMLLANG
18:04:25.778 [main] TRACE - Reading unresolved handles for type system org.apache.xmlbeans.metadata.system.sXMLCONFIG
18:04:25.779 [main] TRACE - Finished loading type system org.apache.xmlbeans.metadata.system.sXMLCONFIG
18:04:25.780 [main] TRACE - Reading unresolved handles for type system org.apache.poi.schemas.ooxml.system.ooxml
18:04:25.848 [main] TRACE - Finished loading type system org.apache.poi.schemas.ooxml.system.ooxml
18:04:25.849 [main] TRACE - Resolving type for handle themefd26doctype
18:04:25.930 [main] TRACE - Resolving type for handle stylesheet5d8bdoctype
18:04:25.944 [main] TRACE - Resolving type for handle ctstylesheet4257type
18:04:25.953 [main] TRACE - Resolving type for handle ctnumfmtsb58btype
18:04:25.956 [main] TRACE - Resolving type for handle ctfonts6623type
18:04:25.959 [main] TRACE - Resolving type for handle ctfont14d8type
18:04:25.966 [main] TRACE - Resolving type for handle ctfills2c6ftype
18:04:25.969 [main] TRACE - Resolving type for handle ctfill550ctype
18:04:25.973 [main] TRACE - Resolving type for handle ctborders0d66type
18:04:25.976 [main] TRACE - Resolving type for handle ctborderf935type
18:04:25.980 [main] TRACE - Resolving type for handle ctcellxfs1322type
18:04:25.992 [main] TRACE - Resolving type for handle ctxf97f7type
18:04:25.995 [main] TRACE - Resolving type for handle ctcellstylexfsa81ftype
18:04:25.999 [main] TRACE - Resolving type for handle ctdxfsb26atype
18:04:26.002 [main] TRACE - Resolving type for handle cttablestyles872ftype
18:04:26.005 [main] TRACE - Resolving type for handle sstf81fdoctype
18:04:26.011 [main] TRACE - Resolving type for handle ctsst44f3type
18:04:26.022 [main] TRACE - Resolving type for handle ctrsta472type
18:04:26.053 [main] TRACE - Resolving type for handle workbookec17doctype
18:04:26.060 [main] TRACE - Resolving type for handle ctworkbook83c3type
18:04:26.068 [main] TRACE - Resolving type for handle ctsheets49fdtype
18:04:26.071 [main] TRACE - Resolving type for handle ctsheet4dbetype
18:04:26.074 [main] TRACE - Resolving type for handle strelationshipid1e94type
18:04:26.077 [main] TRACE - Resolving type for handle worksheetf539doctype
18:04:26.084 [main] TRACE - Resolving type for handle ctworksheet530dtype
18:04:26.091 [main] TRACE - Resolving type for handle ctsheetdata8408type
18:04:26.098 [main] TRACE - Resolving type for handle ctcols627ctype
18:04:26.113 [main] TRACE - Resolving type for handle ctrowdd39type
18:04:26.131 [main] TRACE - Resolving type for handle ctcell842btype
18:04:26.152 [main] TRACE - Resolving type for handle stcellrefe4e0type
18:04:26.183 [main] TRACE - Resolving type for handle stxstringf179type
18:04:26.193 [main] TRACE - Resolving type for handle stcelltypebf95type
18:04:26.230 [main] TRACE - Resolving type for handle stcellstylexfid70c7type
18:04:26.238 [main] TRACE - Resolving type for handle ctsheetdimensiond310type
18:04:26.241 [main] TRACE - Resolving type for handle stref90a2type
18:04:26.252 [main] TRACE - Resolving type for handle propertiesee84doctype
18:04:26.255 [main] TRACE - Resolving type for handle ctproperties3f10type
18:04:26.263 [main] TRACE - Resolving type for handle properties288cdoctype
18:04:26.265 [main] TRACE - Resolving type for handle ctproperties2c18type
18:04:26.286 [main] DEBUG - Save content types part
18:04:26.376 [main] DEBUG - Save package relationships
18:04:26.383 [main] DEBUG - Save part 'docProps/app.xml'
18:04:26.384 [main] DEBUG - Save part 'docProps/core.xml'
18:04:26.390 [main] DEBUG - Save part 'xl/sharedStrings.xml'
18:04:26.390 [main] DEBUG - Save part 'xl/styles.xml'
18:04:26.391 [main] DEBUG - Save part 'xl/theme/theme1.xml'
18:04:26.391 [main] DEBUG - Save part 'xl/workbook.xml'
18:04:26.394 [main] DEBUG - Save part 'xl/worksheets/sheet1.xml'
18:04:26.394 [main] DEBUG - Save part 'xl/worksheets/sheet2.xml'
18:04:26.394 [main] DEBUG - Save part 'xl/worksheets/sheet3.xml'
18:04:26.395 [main] DEBUG - Save part 'xl/worksheets/sheet4.xml'
18:04:28.520 [main] DEBUG - Parsing relationship: /xl/_rels/workbook.xml.rels
18:04:28.521 [main] DEBUG - Parsing relationship: /_rels/.rels
18:04:28.572 [main] DEBUG - Save content types part
18:04:28.576 [main] DEBUG - Save package relationships
18:04:28.580 [main] DEBUG - Save part 'docProps/app.xml'
18:04:28.581 [main] DEBUG - Save part 'docProps/core.xml'
18:04:28.583 [main] DEBUG - Save part 'xl/sharedStrings.xml'
18:04:28.583 [main] DEBUG - Save part 'xl/styles.xml'
18:04:28.584 [main] DEBUG - Save part 'xl/theme/theme1.xml'
18:04:28.585 [main] DEBUG - Save part 'xl/workbook.xml'
18:04:28.587 [main] DEBUG - Save part 'xl/worksheets/sheet1.xml'
18:04:28.587 [main] DEBUG - Save part 'xl/worksheets/sheet2.xml'
18:04:28.587 [main] DEBUG - Save part 'xl/worksheets/sheet3.xml'
18:04:28.587 [main] DEBUG - Save part 'xl/worksheets/sheet4.xml'
18:04:28.625 [main] DEBUG - Parsing relationship: /xl/_rels/workbook.xml.rels
18:04:28.629 [main] DEBUG - Parsing relationship: /_rels/.rels
18:04:28.703 [main] DEBUG - Save content types part
18:04:28.706 [main] DEBUG - Save package relationships
18:04:28.709 [main] DEBUG - Save part 'docProps/app.xml'
18:04:28.710 [main] DEBUG - Save part 'docProps/core.xml'
18:04:28.712 [main] DEBUG - Save part 'xl/sharedStrings.xml'
18:04:28.713 [main] DEBUG - Save part 'xl/styles.xml'
18:04:28.714 [main] DEBUG - Save part 'xl/theme/theme1.xml'
18:04:28.714 [main] DEBUG - Save part 'xl/workbook.xml'
18:04:28.718 [main] DEBUG - Save part 'xl/worksheets/sheet1.xml'
18:04:28.718 [main] DEBUG - Save part 'xl/worksheets/sheet2.xml'
18:04:28.719 [main] DEBUG - Save part 'xl/worksheets/sheet3.xml'
18:04:28.719 [main] DEBUG - Save part 'xl/worksheets/sheet4.xml'
18:04:28.755 [main] DEBUG - Parsing relationship: /xl/_rels/workbook.xml.rels
18:04:28.757 [main] DEBUG - Parsing relationship: /_rels/.rels
18:04:28.801 [main] DEBUG - Save content types part
18:04:28.803 [main] DEBUG - Save package relationships
18:04:28.804 [main] DEBUG - Save part 'docProps/app.xml'
18:04:28.805 [main] DEBUG - Save part 'docProps/core.xml'
18:04:28.806 [main] DEBUG - Save part 'xl/sharedStrings.xml'
18:04:28.807 [main] DEBUG - Save part 'xl/styles.xml'
18:04:28.807 [main] DEBUG - Save part 'xl/theme/theme1.xml'
18:04:28.807 [main] DEBUG - Save part 'xl/workbook.xml'
18:04:28.810 [main] DEBUG - Save part 'xl/worksheets/sheet1.xml'
18:04:28.811 [main] DEBUG - Save part 'xl/worksheets/sheet2.xml'
18:04:28.811 [main] DEBUG - Save part 'xl/worksheets/sheet3.xml'
18:04:28.811 [main] DEBUG - Save part 'xl/worksheets/sheet4.xml'
18:04:28.844 [main] DEBUG - Parsing relationship: /xl/_rels/workbook.xml.rels
18:04:28.845 [main] DEBUG - Parsing relationship: /_rels/.rels
18:04:28.877 [main] DEBUG - Save content types part
18:04:28.880 [main] DEBUG - Save package relationships
18:04:28.881 [main] DEBUG - Save part 'docProps/app.xml'
18:04:28.881 [main] DEBUG - Save part 'docProps/core.xml'
18:04:28.883 [main] DEBUG - Save part 'xl/sharedStrings.xml'
18:04:28.883 [main] DEBUG - Save part 'xl/styles.xml'
18:04:28.884 [main] DEBUG - Save part 'xl/theme/theme1.xml'
18:04:28.884 [main] DEBUG - Save part 'xl/workbook.xml'
18:04:28.886 [main] DEBUG - Save part 'xl/worksheets/sheet1.xml'
18:04:28.887 [main] DEBUG - Save part 'xl/worksheets/sheet2.xml'
18:04:28.887 [main] DEBUG - Save part 'xl/worksheets/sheet3.xml'
18:04:28.887 [main] DEBUG - Save part 'xl/worksheets/sheet4.xml'
18:04:28.915 [main] DEBUG - Parsing relationship: /xl/_rels/workbook.xml.rels
18:04:28.917 [main] DEBUG - Parsing relationship: /_rels/.rels
18:04:28.965 [main] DEBUG - Save content types part
18:04:28.967 [main] DEBUG - Save package relationships
18:04:28.970 [main] DEBUG - Save part 'docProps/app.xml'
18:04:28.971 [main] DEBUG - Save part 'docProps/core.xml'
18:04:28.974 [main] DEBUG - Save part 'xl/sharedStrings.xml'
18:04:28.974 [main] DEBUG - Save part 'xl/styles.xml'
18:04:28.975 [main] DEBUG - Save part 'xl/theme/theme1.xml'
18:04:28.976 [main] DEBUG - Save part 'xl/workbook.xml'
18:04:28.978 [main] DEBUG - Save part 'xl/worksheets/sheet1.xml'
18:04:28.978 [main] DEBUG - Save part 'xl/worksheets/sheet2.xml'
18:04:28.979 [main] DEBUG - Save part 'xl/worksheets/sheet3.xml'
18:04:28.979 [main] DEBUG - Save part 'xl/worksheets/sheet4.xml'
18:04:29.047 [main] DEBUG - Parsing relationship: /xl/_rels/workbook.xml.rels
18:04:29.048 [main] DEBUG - Parsing relationship: /_rels/.rels
18:04:29.081 [main] DEBUG - Save content types part
18:04:29.083 [main] DEBUG - Save package relationships
18:04:29.086 [main] DEBUG - Save part 'docProps/app.xml'
18:04:29.086 [main] DEBUG - Save part 'docProps/core.xml'
18:04:29.089 [main] DEBUG - Save part 'xl/sharedStrings.xml'
18:04:29.089 [main] DEBUG - Save part 'xl/styles.xml'
18:04:29.089 [main] DEBUG - Save part 'xl/theme/theme1.xml'
18:04:29.090 [main] DEBUG - Save part 'xl/workbook.xml'
18:04:29.092 [main] DEBUG - Save part 'xl/worksheets/sheet1.xml'
18:04:29.092 [main] DEBUG - Save part 'xl/worksheets/sheet2.xml'
18:04:29.093 [main] DEBUG - Save part 'xl/worksheets/sheet3.xml'
18:04:29.093 [main] DEBUG - Save part 'xl/worksheets/sheet4.xml'
18:04:29.124 [main] DEBUG - Parsing relationship: /xl/_rels/workbook.xml.rels
18:04:29.125 [main] DEBUG - Parsing relationship: /_rels/.rels
18:04:29.156 [main] DEBUG - Save content types part
18:04:29.158 [main] DEBUG - Save package relationships
18:04:29.159 [main] DEBUG - Save part 'docProps/app.xml'
18:04:29.160 [main] DEBUG - Save part 'docProps/core.xml'
18:04:29.162 [main] DEBUG - Save part 'xl/sharedStrings.xml'
18:04:29.162 [main] DEBUG - Save part 'xl/styles.xml'
18:04:29.162 [main] DEBUG - Save part 'xl/theme/theme1.xml'
18:04:29.163 [main] DEBUG - Save part 'xl/workbook.xml'
18:04:29.165 [main] DEBUG - Save part 'xl/worksheets/sheet1.xml'
18:04:29.165 [main] DEBUG - Save part 'xl/worksheets/sheet2.xml'
18:04:29.165 [main] DEBUG - Save part 'xl/worksheets/sheet3.xml'
18:04:29.166 [main] DEBUG - Save part 'xl/worksheets/sheet4.xml'
18:04:29.196 [main] DEBUG - Parsing relationship: /xl/_rels/workbook.xml.rels
18:04:29.197 [main] DEBUG - Parsing relationship: /_rels/.rels
18:04:29.238 [main] DEBUG - Save content types part
18:04:29.240 [main] DEBUG - Save package relationships
18:04:29.241 [main] DEBUG - Save part 'docProps/app.xml'
18:04:29.241 [main] DEBUG - Save part 'docProps/core.xml'
18:04:29.242 [main] DEBUG - Save part 'xl/sharedStrings.xml'
18:04:29.243 [main] DEBUG - Save part 'xl/styles.xml'
18:04:29.243 [main] DEBUG - Save part 'xl/theme/theme1.xml'
18:04:29.244 [main] DEBUG - Save part 'xl/workbook.xml'
18:04:29.245 [main] DEBUG - Save part 'xl/worksheets/sheet1.xml'
18:04:29.246 [main] DEBUG - Save part 'xl/worksheets/sheet2.xml'
18:04:29.246 [main] DEBUG - Save part 'xl/worksheets/sheet3.xml'
18:04:29.246 [main] DEBUG - Save part 'xl/worksheets/sheet4.xml'
18:04:29.287 [main] DEBUG - Parsing relationship: /xl/_rels/workbook.xml.rels
18:04:29.288 [main] DEBUG - Parsing relationship: /_rels/.rels
18:04:29.322 [main] DEBUG - Save content types part
18:04:29.324 [main] DEBUG - Save package relationships
18:04:29.326 [main] DEBUG - Save part 'docProps/app.xml'
18:04:29.327 [main] DEBUG - Save part 'docProps/core.xml'
18:04:29.329 [main] DEBUG - Save part 'xl/sharedStrings.xml'
18:04:29.329 [main] DEBUG - Save part 'xl/styles.xml'
18:04:29.330 [main] DEBUG - Save part 'xl/theme/theme1.xml'
18:04:29.330 [main] DEBUG - Save part 'xl/workbook.xml'
18:04:29.332 [main] DEBUG - Save part 'xl/worksheets/sheet1.xml'
18:04:29.333 [main] DEBUG - Save part 'xl/worksheets/sheet2.xml'
18:04:29.333 [main] DEBUG - Save part 'xl/worksheets/sheet3.xml'
18:04:29.334 [main] DEBUG - Save part 'xl/worksheets/sheet4.xml'
18:04:29.335 [main] INFO  - **** Finished TC_002_UsedCar ****
09:40:09.996 [main] INFO  - **** Starting TC_002_UsedCar ****
09:40:10.000 [main] INFO  - Navigating to the homepage
09:40:16.991 [main] INFO  - checking zigwheels visibility
09:40:17.731 [main] INFO  - checking used cars option visibility
09:40:18.365 [main] INFO  - Hovering over and selecting used cars
09:40:19.064 [main] INFO  - checking Chennai option visibility
09:40:19.504 [main] INFO  - Selecting Chennai used cars
09:40:36.075 [main] INFO  - Checking that the popular models are displayed
09:40:36.292 [main] DEBUG - Parsing relationship: /xl/_rels/workbook.xml.rels
09:40:36.296 [main] DEBUG - Parsing relationship: /_rels/.rels
09:40:36.633 [main] TRACE - Loading type system org.apache.poi.schemas.ooxml.system.ooxml
09:40:36.637 [main] TRACE - Loading type system org.apache.xmlbeans.metadata.system.sXMLCONFIG
09:40:36.637 [main] TRACE - Loading type system org.apache.xmlbeans.metadata.system.sXMLLANG
09:40:36.638 [main] TRACE - Loading type system org.apache.xmlbeans.metadata.system.sXMLSCHEMA
09:40:36.639 [main] TRACE - Loading type system org.apache.xmlbeans.metadata.system.sXMLTOOLS
09:40:36.640 [main] TRACE - Reading unresolved handles for type system org.apache.xmlbeans.metadata.system.sXMLTOOLS
09:40:36.665 [main] TRACE - Finished loading type system org.apache.xmlbeans.metadata.system.sXMLTOOLS
09:40:36.667 [main] TRACE - Reading unresolved handles for type system org.apache.xmlbeans.metadata.system.sXMLSCHEMA
09:40:36.680 [main] TRACE - Finished loading type system org.apache.xmlbeans.metadata.system.sXMLSCHEMA
09:40:36.684 [main] TRACE - Reading unresolved handles for type system org.apache.xmlbeans.metadata.system.sXMLLANG
09:40:36.687 [main] TRACE - Finished loading type system org.apache.xmlbeans.metadata.system.sXMLLANG
09:40:36.689 [main] TRACE - Reading unresolved handles for type system org.apache.xmlbeans.metadata.system.sXMLCONFIG
09:40:36.691 [main] TRACE - Finished loading type system org.apache.xmlbeans.metadata.system.sXMLCONFIG
09:40:36.692 [main] TRACE - Reading unresolved handles for type system org.apache.poi.schemas.ooxml.system.ooxml
09:40:36.760 [main] TRACE - Finished loading type system org.apache.poi.schemas.ooxml.system.ooxml
09:40:36.761 [main] TRACE - Resolving type for handle themefd26doctype
09:40:36.867 [main] TRACE - Resolving type for handle stylesheet5d8bdoctype
09:40:36.874 [main] TRACE - Resolving type for handle ctstylesheet4257type
09:40:36.881 [main] TRACE - Resolving type for handle ctnumfmtsb58btype
09:40:36.886 [main] TRACE - Resolving type for handle ctfonts6623type
09:40:36.891 [main] TRACE - Resolving type for handle ctfont14d8type
09:40:36.902 [main] TRACE - Resolving type for handle ctfills2c6ftype
09:40:36.906 [main] TRACE - Resolving type for handle ctfill550ctype
09:40:36.911 [main] TRACE - Resolving type for handle ctborders0d66type
09:40:36.916 [main] TRACE - Resolving type for handle ctborderf935type
09:40:36.921 [main] TRACE - Resolving type for handle ctcellxfs1322type
09:40:36.928 [main] TRACE - Resolving type for handle ctxf97f7type
09:40:36.933 [main] TRACE - Resolving type for handle ctcellstylexfsa81ftype
09:40:36.936 [main] TRACE - Resolving type for handle ctdxfsb26atype
09:40:36.941 [main] TRACE - Resolving type for handle cttablestyles872ftype
09:40:36.947 [main] TRACE - Resolving type for handle sstf81fdoctype
09:40:36.957 [main] TRACE - Resolving type for handle ctsst44f3type
09:40:36.978 [main] TRACE - Resolving type for handle ctrsta472type
09:40:37.026 [main] TRACE - Resolving type for handle workbookec17doctype
09:40:37.036 [main] TRACE - Resolving type for handle ctworkbook83c3type
09:40:37.045 [main] TRACE - Resolving type for handle ctsheets49fdtype
09:40:37.054 [main] TRACE - Resolving type for handle ctsheet4dbetype
09:40:37.064 [main] TRACE - Resolving type for handle strelationshipid1e94type
09:40:37.072 [main] TRACE - Resolving type for handle worksheetf539doctype
09:40:37.080 [main] TRACE - Resolving type for handle ctworksheet530dtype
09:40:37.095 [main] TRACE - Resolving type for handle ctsheetdata8408type
09:40:37.107 [main] TRACE - Resolving type for handle ctcols627ctype
09:40:37.128 [main] TRACE - Resolving type for handle ctrowdd39type
09:40:37.140 [main] TRACE - Resolving type for handle ctcell842btype
09:40:37.155 [main] TRACE - Resolving type for handle stcellrefe4e0type
09:40:37.184 [main] TRACE - Resolving type for handle stxstringf179type
09:40:37.196 [main] TRACE - Resolving type for handle stcelltypebf95type
09:40:37.244 [main] TRACE - Resolving type for handle stcellstylexfid70c7type
09:40:37.256 [main] TRACE - Resolving type for handle ctsheetdimensiond310type
09:40:37.259 [main] TRACE - Resolving type for handle stref90a2type
09:40:37.276 [main] TRACE - Resolving type for handle propertiesee84doctype
09:40:37.281 [main] TRACE - Resolving type for handle ctproperties3f10type
09:40:37.291 [main] TRACE - Resolving type for handle properties288cdoctype
09:40:37.294 [main] TRACE - Resolving type for handle ctproperties2c18type
09:40:37.318 [main] DEBUG - Save content types part
09:40:37.461 [main] DEBUG - Save package relationships
09:40:37.469 [main] DEBUG - Save part 'docProps/app.xml'
09:40:37.470 [main] DEBUG - Save part 'docProps/core.xml'
09:40:37.475 [main] DEBUG - Save part 'xl/sharedStrings.xml'
09:40:37.475 [main] DEBUG - Save part 'xl/styles.xml'
09:40:37.475 [main] DEBUG - Save part 'xl/theme/theme1.xml'
09:40:37.477 [main] DEBUG - Save part 'xl/workbook.xml'
09:40:37.480 [main] DEBUG - Save part 'xl/worksheets/sheet1.xml'
09:40:37.481 [main] DEBUG - Save part 'xl/worksheets/sheet2.xml'
09:40:37.482 [main] DEBUG - Save part 'xl/worksheets/sheet3.xml'
09:40:37.483 [main] DEBUG - Save part 'xl/worksheets/sheet4.xml'
09:40:39.725 [main] DEBUG - Parsing relationship: /xl/_rels/workbook.xml.rels
09:40:39.726 [main] DEBUG - Parsing relationship: /_rels/.rels
09:40:39.808 [main] DEBUG - Save content types part
09:40:39.810 [main] DEBUG - Save package relationships
09:40:39.814 [main] DEBUG - Save part 'docProps/app.xml'
09:40:39.814 [main] DEBUG - Save part 'docProps/core.xml'
09:40:39.816 [main] DEBUG - Save part 'xl/sharedStrings.xml'
09:40:39.816 [main] DEBUG - Save part 'xl/styles.xml'
09:40:39.816 [main] DEBUG - Save part 'xl/theme/theme1.xml'
09:40:39.816 [main] DEBUG - Save part 'xl/workbook.xml'
09:40:39.818 [main] DEBUG - Save part 'xl/worksheets/sheet1.xml'
09:40:39.818 [main] DEBUG - Save part 'xl/worksheets/sheet2.xml'
09:40:39.818 [main] DEBUG - Save part 'xl/worksheets/sheet3.xml'
09:40:39.819 [main] DEBUG - Save part 'xl/worksheets/sheet4.xml'
09:40:39.867 [main] DEBUG - Parsing relationship: /xl/_rels/workbook.xml.rels
09:40:39.868 [main] DEBUG - Parsing relationship: /_rels/.rels
09:40:39.911 [main] DEBUG - Save content types part
09:40:39.915 [main] DEBUG - Save package relationships
09:40:39.917 [main] DEBUG - Save part 'docProps/app.xml'
09:40:39.917 [main] DEBUG - Save part 'docProps/core.xml'
09:40:39.919 [main] DEBUG - Save part 'xl/sharedStrings.xml'
09:40:39.919 [main] DEBUG - Save part 'xl/styles.xml'
09:40:39.919 [main] DEBUG - Save part 'xl/theme/theme1.xml'
09:40:39.921 [main] DEBUG - Save part 'xl/workbook.xml'
09:40:39.923 [main] DEBUG - Save part 'xl/worksheets/sheet1.xml'
09:40:39.923 [main] DEBUG - Save part 'xl/worksheets/sheet2.xml'
09:40:39.923 [main] DEBUG - Save part 'xl/worksheets/sheet3.xml'
09:40:39.924 [main] DEBUG - Save part 'xl/worksheets/sheet4.xml'
09:40:39.989 [main] DEBUG - Parsing relationship: /xl/_rels/workbook.xml.rels
09:40:39.991 [main] DEBUG - Parsing relationship: /_rels/.rels
09:40:40.037 [main] DEBUG - Save content types part
09:40:40.039 [main] DEBUG - Save package relationships
09:40:40.041 [main] DEBUG - Save part 'docProps/app.xml'
09:40:40.041 [main] DEBUG - Save part 'docProps/core.xml'
09:40:40.043 [main] DEBUG - Save part 'xl/sharedStrings.xml'
09:40:40.043 [main] DEBUG - Save part 'xl/styles.xml'
09:40:40.043 [main] DEBUG - Save part 'xl/theme/theme1.xml'
09:40:40.044 [main] DEBUG - Save part 'xl/workbook.xml'
09:40:40.047 [main] DEBUG - Save part 'xl/worksheets/sheet1.xml'
09:40:40.048 [main] DEBUG - Save part 'xl/worksheets/sheet2.xml'
09:40:40.048 [main] DEBUG - Save part 'xl/worksheets/sheet3.xml'
09:40:40.048 [main] DEBUG - Save part 'xl/worksheets/sheet4.xml'
09:40:40.140 [main] DEBUG - Parsing relationship: /xl/_rels/workbook.xml.rels
09:40:40.144 [main] DEBUG - Parsing relationship: /_rels/.rels
09:40:40.233 [main] DEBUG - Save content types part
09:40:40.243 [main] DEBUG - Save package relationships
09:40:40.247 [main] DEBUG - Save part 'docProps/app.xml'
09:40:40.248 [main] DEBUG - Save part 'docProps/core.xml'
09:40:40.254 [main] DEBUG - Save part 'xl/sharedStrings.xml'
09:40:40.255 [main] DEBUG - Save part 'xl/styles.xml'
09:40:40.261 [main] DEBUG - Save part 'xl/theme/theme1.xml'
09:40:40.269 [main] DEBUG - Save part 'xl/workbook.xml'
09:40:40.276 [main] DEBUG - Save part 'xl/worksheets/sheet1.xml'
09:40:40.276 [main] DEBUG - Save part 'xl/worksheets/sheet2.xml'
09:40:40.277 [main] DEBUG - Save part 'xl/worksheets/sheet3.xml'
09:40:40.277 [main] DEBUG - Save part 'xl/worksheets/sheet4.xml'
09:40:40.351 [main] DEBUG - Parsing relationship: /xl/_rels/workbook.xml.rels
09:40:40.353 [main] DEBUG - Parsing relationship: /_rels/.rels
09:40:40.406 [main] DEBUG - Save content types part
09:40:40.409 [main] DEBUG - Save package relationships
09:40:40.411 [main] DEBUG - Save part 'docProps/app.xml'
09:40:40.412 [main] DEBUG - Save part 'docProps/core.xml'
09:40:40.417 [main] DEBUG - Save part 'xl/sharedStrings.xml'
09:40:40.418 [main] DEBUG - Save part 'xl/styles.xml'
09:40:40.418 [main] DEBUG - Save part 'xl/theme/theme1.xml'
09:40:40.419 [main] DEBUG - Save part 'xl/workbook.xml'
09:40:40.421 [main] DEBUG - Save part 'xl/worksheets/sheet1.xml'
09:40:40.422 [main] DEBUG - Save part 'xl/worksheets/sheet2.xml'
09:40:40.422 [main] DEBUG - Save part 'xl/worksheets/sheet3.xml'
09:40:40.422 [main] DEBUG - Save part 'xl/worksheets/sheet4.xml'
09:40:40.495 [main] DEBUG - Parsing relationship: /xl/_rels/workbook.xml.rels
09:40:40.497 [main] DEBUG - Parsing relationship: /_rels/.rels
09:40:40.537 [main] DEBUG - Save content types part
09:40:40.540 [main] DEBUG - Save package relationships
09:40:40.542 [main] DEBUG - Save part 'docProps/app.xml'
09:40:40.543 [main] DEBUG - Save part 'docProps/core.xml'
09:40:40.550 [main] DEBUG - Save part 'xl/sharedStrings.xml'
09:40:40.550 [main] DEBUG - Save part 'xl/styles.xml'
09:40:40.550 [main] DEBUG - Save part 'xl/theme/theme1.xml'
09:40:40.551 [main] DEBUG - Save part 'xl/workbook.xml'
09:40:40.554 [main] DEBUG - Save part 'xl/worksheets/sheet1.xml'
09:40:40.555 [main] DEBUG - Save part 'xl/worksheets/sheet2.xml'
09:40:40.555 [main] DEBUG - Save part 'xl/worksheets/sheet3.xml'
09:40:40.556 [main] DEBUG - Save part 'xl/worksheets/sheet4.xml'
09:40:40.624 [main] DEBUG - Parsing relationship: /xl/_rels/workbook.xml.rels
09:40:40.625 [main] DEBUG - Parsing relationship: /_rels/.rels
09:40:40.669 [main] DEBUG - Save content types part
09:40:40.672 [main] DEBUG - Save package relationships
09:40:40.674 [main] DEBUG - Save part 'docProps/app.xml'
09:40:40.674 [main] DEBUG - Save part 'docProps/core.xml'
09:40:40.676 [main] DEBUG - Save part 'xl/sharedStrings.xml'
09:40:40.676 [main] DEBUG - Save part 'xl/styles.xml'
09:40:40.677 [main] DEBUG - Save part 'xl/theme/theme1.xml'
09:40:40.677 [main] DEBUG - Save part 'xl/workbook.xml'
09:40:40.683 [main] DEBUG - Save part 'xl/worksheets/sheet1.xml'
09:40:40.683 [main] DEBUG - Save part 'xl/worksheets/sheet2.xml'
09:40:40.683 [main] DEBUG - Save part 'xl/worksheets/sheet3.xml'
09:40:40.684 [main] DEBUG - Save part 'xl/worksheets/sheet4.xml'
09:40:40.754 [main] DEBUG - Parsing relationship: /xl/_rels/workbook.xml.rels
09:40:40.756 [main] DEBUG - Parsing relationship: /_rels/.rels
09:40:40.788 [main] DEBUG - Save content types part
09:40:40.790 [main] DEBUG - Save package relationships
09:40:40.791 [main] DEBUG - Save part 'docProps/app.xml'
09:40:40.792 [main] DEBUG - Save part 'docProps/core.xml'
09:40:40.793 [main] DEBUG - Save part 'xl/sharedStrings.xml'
09:40:40.793 [main] DEBUG - Save part 'xl/styles.xml'
09:40:40.794 [main] DEBUG - Save part 'xl/theme/theme1.xml'
09:40:40.794 [main] DEBUG - Save part 'xl/workbook.xml'
09:40:40.797 [main] DEBUG - Save part 'xl/worksheets/sheet1.xml'
09:40:40.798 [main] DEBUG - Save part 'xl/worksheets/sheet2.xml'
09:40:40.798 [main] DEBUG - Save part 'xl/worksheets/sheet3.xml'
09:40:40.798 [main] DEBUG - Save part 'xl/worksheets/sheet4.xml'
09:40:40.871 [main] DEBUG - Parsing relationship: /xl/_rels/workbook.xml.rels
09:40:40.872 [main] DEBUG - Parsing relationship: /_rels/.rels
09:40:40.905 [main] DEBUG - Save content types part
09:40:40.907 [main] DEBUG - Save package relationships
09:40:40.908 [main] DEBUG - Save part 'docProps/app.xml'
09:40:40.909 [main] DEBUG - Save part 'docProps/core.xml'
09:40:40.910 [main] DEBUG - Save part 'xl/sharedStrings.xml'
09:40:40.911 [main] DEBUG - Save part 'xl/styles.xml'
09:40:40.911 [main] DEBUG - Save part 'xl/theme/theme1.xml'
09:40:40.911 [main] DEBUG - Save part 'xl/workbook.xml'
09:40:40.914 [main] DEBUG - Save part 'xl/worksheets/sheet1.xml'
09:40:40.915 [main] DEBUG - Save part 'xl/worksheets/sheet2.xml'
09:40:40.915 [main] DEBUG - Save part 'xl/worksheets/sheet3.xml'
09:40:40.916 [main] DEBUG - Save part 'xl/worksheets/sheet4.xml'
09:40:40.917 [main] INFO  - **** Finished TC_002_UsedCar ****
09:47:16.036 [main] INFO  - **** Starting TC_002_UsedCar ****
09:47:16.039 [main] INFO  - Navigating to the homepage
09:47:17.835 [main] INFO  - checking zigwheels visibility
09:47:40.057 [main] INFO  - checking used cars option visibility
09:47:40.868 [main] INFO  - Hovering over and selecting used cars
09:47:47.019 [main] INFO  - checking Chennai option visibility
10:29:22.805 [main] INFO  - **** Starting TC_002_UsedCar ****
10:29:22.816 [main] INFO  - Navigating to the homepage
10:29:24.069 [main] INFO  - checking zigwheels visibility
10:29:24.830 [main] INFO  - checking used cars option visibility
10:29:25.607 [main] INFO  - Hovering over and selecting used cars
10:29:26.505 [main] INFO  - checking Chennai option visibility
10:29:27.227 [main] INFO  - Selecting Chennai used cars
10:29:43.801 [main] INFO  - Checking that the popular models are displayed
10:29:44.086 [main] DEBUG - Parsing relationship: /xl/_rels/workbook.xml.rels
10:29:44.095 [main] DEBUG - Parsing relationship: /_rels/.rels
10:29:44.451 [main] TRACE - Loading type system org.apache.poi.schemas.ooxml.system.ooxml
10:29:44.453 [main] TRACE - Loading type system org.apache.xmlbeans.metadata.system.sXMLCONFIG
10:29:44.454 [main] TRACE - Loading type system org.apache.xmlbeans.metadata.system.sXMLLANG
10:29:44.455 [main] TRACE - Loading type system org.apache.xmlbeans.metadata.system.sXMLSCHEMA
10:29:44.455 [main] TRACE - Loading type system org.apache.xmlbeans.metadata.system.sXMLTOOLS
10:29:44.457 [main] TRACE - Reading unresolved handles for type system org.apache.xmlbeans.metadata.system.sXMLTOOLS
10:29:44.472 [main] TRACE - Finished loading type system org.apache.xmlbeans.metadata.system.sXMLTOOLS
10:29:44.474 [main] TRACE - Reading unresolved handles for type system org.apache.xmlbeans.metadata.system.sXMLSCHEMA
10:29:44.481 [main] TRACE - Finished loading type system org.apache.xmlbeans.metadata.system.sXMLSCHEMA
10:29:44.483 [main] TRACE - Reading unresolved handles for type system org.apache.xmlbeans.metadata.system.sXMLLANG
10:29:44.484 [main] TRACE - Finished loading type system org.apache.xmlbeans.metadata.system.sXMLLANG
10:29:44.487 [main] TRACE - Reading unresolved handles for type system org.apache.xmlbeans.metadata.system.sXMLCONFIG
10:29:44.488 [main] TRACE - Finished loading type system org.apache.xmlbeans.metadata.system.sXMLCONFIG
10:29:44.491 [main] TRACE - Reading unresolved handles for type system org.apache.poi.schemas.ooxml.system.ooxml
10:29:44.584 [main] TRACE - Finished loading type system org.apache.poi.schemas.ooxml.system.ooxml
10:29:44.586 [main] TRACE - Resolving type for handle themefd26doctype
10:29:44.747 [main] TRACE - Resolving type for handle stylesheet5d8bdoctype
10:29:44.763 [main] TRACE - Resolving type for handle ctstylesheet4257type
10:29:44.775 [main] TRACE - Resolving type for handle ctnumfmtsb58btype
10:29:44.782 [main] TRACE - Resolving type for handle ctfonts6623type
10:29:44.791 [main] TRACE - Resolving type for handle ctfont14d8type
10:29:44.804 [main] TRACE - Resolving type for handle ctfills2c6ftype
10:29:44.811 [main] TRACE - Resolving type for handle ctfill550ctype
10:29:44.816 [main] TRACE - Resolving type for handle ctborders0d66type
10:29:44.822 [main] TRACE - Resolving type for handle ctborderf935type
10:29:44.833 [main] TRACE - Resolving type for handle ctcellxfs1322type
10:29:44.839 [main] TRACE - Resolving type for handle ctxf97f7type
10:29:44.847 [main] TRACE - Resolving type for handle ctcellstylexfsa81ftype
10:29:44.852 [main] TRACE - Resolving type for handle ctdxfsb26atype
10:29:44.859 [main] TRACE - Resolving type for handle cttablestyles872ftype
10:29:44.866 [main] TRACE - Resolving type for handle sstf81fdoctype
10:29:44.876 [main] TRACE - Resolving type for handle ctsst44f3type
10:29:44.897 [main] TRACE - Resolving type for handle ctrsta472type
10:29:44.954 [main] TRACE - Resolving type for handle workbookec17doctype
10:29:44.964 [main] TRACE - Resolving type for handle ctworkbook83c3type
10:29:44.976 [main] TRACE - Resolving type for handle ctsheets49fdtype
10:29:44.982 [main] TRACE - Resolving type for handle ctsheet4dbetype
10:29:44.989 [main] TRACE - Resolving type for handle strelationshipid1e94type
10:29:44.994 [main] TRACE - Resolving type for handle worksheetf539doctype
10:29:45.003 [main] TRACE - Resolving type for handle ctworksheet530dtype
10:29:45.016 [main] TRACE - Resolving type for handle ctsheetdata8408type
10:29:45.029 [main] TRACE - Resolving type for handle ctcols627ctype
10:29:45.050 [main] TRACE - Resolving type for handle ctrowdd39type
10:29:45.062 [main] TRACE - Resolving type for handle ctcell842btype
10:29:45.076 [main] TRACE - Resolving type for handle stcellrefe4e0type
10:29:45.111 [main] TRACE - Resolving type for handle stxstringf179type
10:29:45.120 [main] TRACE - Resolving type for handle stcelltypebf95type
10:29:45.161 [main] TRACE - Resolving type for handle stcellstylexfid70c7type
10:29:45.170 [main] TRACE - Resolving type for handle ctsheetdimensiond310type
10:29:45.174 [main] TRACE - Resolving type for handle stref90a2type
10:29:45.187 [main] TRACE - Resolving type for handle propertiesee84doctype
10:29:45.190 [main] TRACE - Resolving type for handle ctproperties3f10type
10:29:45.202 [main] TRACE - Resolving type for handle properties288cdoctype
10:29:45.205 [main] TRACE - Resolving type for handle ctproperties2c18type
10:29:45.226 [main] DEBUG - Save content types part
10:29:45.334 [main] DEBUG - Save package relationships
10:29:45.344 [main] DEBUG - Save part 'docProps/app.xml'
10:29:45.345 [main] DEBUG - Save part 'docProps/core.xml'
10:29:45.351 [main] DEBUG - Save part 'xl/sharedStrings.xml'
10:29:45.352 [main] DEBUG - Save part 'xl/styles.xml'
10:29:45.353 [main] DEBUG - Save part 'xl/theme/theme1.xml'
10:29:45.354 [main] DEBUG - Save part 'xl/workbook.xml'
10:29:45.358 [main] DEBUG - Save part 'xl/worksheets/sheet1.xml'
10:29:45.359 [main] DEBUG - Save part 'xl/worksheets/sheet2.xml'
10:29:45.360 [main] DEBUG - Save part 'xl/worksheets/sheet3.xml'
10:29:45.360 [main] DEBUG - Save part 'xl/worksheets/sheet4.xml'
10:29:47.637 [main] DEBUG - Parsing relationship: /xl/_rels/workbook.xml.rels
10:29:47.638 [main] DEBUG - Parsing relationship: /_rels/.rels
10:29:47.696 [main] DEBUG - Save content types part
10:29:47.699 [main] DEBUG - Save package relationships
10:29:47.701 [main] DEBUG - Save part 'docProps/app.xml'
